<?xml version="1.0" encoding="UTF-8"?>
<!-- Generated by org.testng.reporters.JUnitReportReporter -->
<testsuite skipped="0" hostname="DESKTOP-VJ5UG09" name="cucumberOptions.TestngRunner" tests="1" failures="0" timestamp="2022-12-29T13:43:02 IST" time="22.781" errors="0">
  <testcase name="runScenario" time="22.781" classname="cucumberOptions.TestngRunner"/>
  <system-out/>
</testsuite> <!-- cucumberOptions.TestngRunner -->
